<?xml version="1.0" encoding="UTF-8"?>
<testng-results skipped="0" failed="0" ignored="0" total="1" passed="1">
  <reporter-output>
  </reporter-output>
  <suite name="Suite" duration-ms="26062" started-at="2019-02-12T07:27:40Z" finished-at="2019-02-12T07:28:06Z">
    <groups>
    </groups>
    <test name="Test" duration-ms="26062" started-at="2019-02-12T07:27:40Z" finished-at="2019-02-12T07:28:06Z">
      <class name="com.test.mevandemo.hero">
        <test-method status="PASS" signature="beforeTest()[pri:0, instance:com.test.mevandemo.hero@6aaa5eb0]" name="beforeTest" is-config="true" duration-ms="20469" started-at="2019-02-12T12:57:40Z" finished-at="2019-02-12T12:58:00Z">
          <reporter-output>
          </reporter-output>
        </test-method> <!-- beforeTest -->
        <test-method status="PASS" signature="f()[pri:0, instance:com.test.mevandemo.hero@6aaa5eb0]" name="f" duration-ms="5563" started-at="2019-02-12T12:58:00Z" finished-at="2019-02-12T12:58:06Z">
          <reporter-output>
          </reporter-output>
        </test-method> <!-- f -->
        <test-method status="PASS" signature="afterTest()[pri:0, instance:com.test.mevandemo.hero@6aaa5eb0]" name="afterTest" is-config="true" duration-ms="0" started-at="2019-02-12T12:58:06Z" finished-at="2019-02-12T12:58:06Z">
          <reporter-output>
          </reporter-output>
        </test-method> <!-- afterTest -->
      </class> <!-- com.test.mevandemo.hero -->
    </test> <!-- Test -->
  </suite> <!-- Suite -->
</testng-results>
